2023-10-14 15:09:01,216 - main.py - DEBUG - all users_records: [{'first_name': 'John', 'last_name': 'Doe', 'email': 'johndoe@email.com', 'created_at': datetime.datetime(2023, 10, 14, 19, 9, 1, 216493, tzinfo=<UTC>), 'updated_at': datetime.datetime(2023, 10, 14, 19, 9, 1, 216694, tzinfo=<UTC>), 'deleted_at': None}, {'first_name': 'Jane', 'last_name': 'Doe', 'email': 'janedoe@email.com', 'created_at': datetime.datetime(2023, 10, 14, 19, 9, 1, 216704, tzinfo=<UTC>), 'updated_at': datetime.datetime(2023, 10, 14, 19, 9, 1, 216705, tzinfo=<UTC>), 'deleted_at': None}]
2023-10-14 15:09:01,221 - main.py - DEBUG - sorted_user_records: [{'first_name': 'John', 'last_name': 'Doe', 'email': 'johndoe@email.com', 'created_at': datetime.datetime(2023, 10, 14, 19, 9, 1, 216493, tzinfo=<UTC>), 'updated_at': datetime.datetime(2023, 10, 14, 19, 9, 1, 216694, tzinfo=<UTC>), 'deleted_at': None}, {'first_name': 'Jane', 'last_name': 'Doe', 'email': 'janedoe@email.com', 'created_at': datetime.datetime(2023, 10, 14, 19, 9, 1, 216704, tzinfo=<UTC>), 'updated_at': datetime.datetime(2023, 10, 14, 19, 9, 1, 216705, tzinfo=<UTC>), 'deleted_at': None}]
2023-10-14 15:09:01,221 - main.py - DEBUG - {'user_id': <class 'int'>, 'title': <class 'str'>, 'body': <class 'str'>, 'created_at': <class 'datetime.datetime'>, 'updated_at': <class 'datetime.datetime'>, 'deleted_at': typing.Optional[datetime.datetime]}
2023-10-14 15:09:01,222 - main.py - DEBUG - {'user_id': 'users'}
2023-10-14 15:09:01,222 - main.py - DEBUG - {'user_id': 1, 'title': 'My first post', 'body': 'This is my first post UPDATED!.', 'created_at': datetime.datetime(2023, 10, 14, 19, 9, 1, 222093, tzinfo=<UTC>), 'updated_at': datetime.datetime(2023, 10, 14, 19, 9, 1, 222095, tzinfo=<UTC>), 'deleted_at': None}
2023-10-14 15:09:01,222 - main.py - DEBUG - fk: {'user_id': 'users'}
2023-10-14 15:09:01,222 - main.py - DEBUG - indexes: {'title': {'My first post': {1}}, 'body': {'This is my first post UPDATED!.': {1}}}
2023-10-14 15:09:01,222 - main.py - DEBUG - unique_indexes: {}
2023-10-14 15:09:01,222 - main.py - DEBUG - fk: {'user_id': 'users'}
2023-10-14 15:09:01,222 - main.py - DEBUG - indexes: {'title': {'My first post': set()}, 'body': {'This is my first post UPDATED!.': set()}}
2023-10-14 15:09:01,222 - main.py - DEBUG - unique_indexes: {}
2023-10-14 15:11:07,967 - main.py - DEBUG - all users_records: [{'first_name': 'John', 'last_name': 'Doe', 'email': 'johndoe@email.com', 'created_at': datetime.datetime(2023, 10, 14, 19, 11, 7, 966903, tzinfo=<UTC>), 'updated_at': datetime.datetime(2023, 10, 14, 19, 11, 7, 967261, tzinfo=<UTC>), 'deleted_at': None}, {'first_name': 'Jane', 'last_name': 'Doe', 'email': 'janedoe@email.com', 'created_at': datetime.datetime(2023, 10, 14, 19, 11, 7, 967271, tzinfo=<UTC>), 'updated_at': datetime.datetime(2023, 10, 14, 19, 11, 7, 967273, tzinfo=<UTC>), 'deleted_at': None}]
2023-10-14 15:11:07,973 - main.py - DEBUG - sorted_user_records: [{'first_name': 'John', 'last_name': 'Doe', 'email': 'johndoe@email.com', 'created_at': datetime.datetime(2023, 10, 14, 19, 11, 7, 966903, tzinfo=<UTC>), 'updated_at': datetime.datetime(2023, 10, 14, 19, 11, 7, 967261, tzinfo=<UTC>), 'deleted_at': None}, {'first_name': 'Jane', 'last_name': 'Doe', 'email': 'janedoe@email.com', 'created_at': datetime.datetime(2023, 10, 14, 19, 11, 7, 967271, tzinfo=<UTC>), 'updated_at': datetime.datetime(2023, 10, 14, 19, 11, 7, 967273, tzinfo=<UTC>), 'deleted_at': None}]
2023-10-14 15:11:07,973 - main.py - DEBUG - {'user_id': <class 'int'>, 'title': <class 'str'>, 'body': <class 'str'>, 'created_at': <class 'datetime.datetime'>, 'updated_at': <class 'datetime.datetime'>, 'deleted_at': typing.Optional[datetime.datetime]}
2023-10-14 15:11:07,973 - main.py - DEBUG - {'user_id': 'users'}
2023-10-14 15:11:07,973 - main.py - DEBUG - {'user_id': 1, 'title': 'My first post', 'body': 'This is my first post UPDATED!.', 'created_at': datetime.datetime(2023, 10, 14, 19, 11, 7, 973617, tzinfo=<UTC>), 'updated_at': datetime.datetime(2023, 10, 14, 19, 11, 7, 973619, tzinfo=<UTC>), 'deleted_at': None}
2023-10-14 15:11:07,973 - main.py - DEBUG - fk: {'user_id': 'users'}
2023-10-14 15:11:07,973 - main.py - DEBUG - indexes: {'title': {'My first post': {1}}, 'body': {'This is my first post UPDATED!.': {1}}}
2023-10-14 15:11:07,973 - main.py - DEBUG - unique_indexes: {}
2023-10-14 15:11:07,973 - main.py - DEBUG - fk: {'user_id': 'users'}
2023-10-14 15:11:07,973 - main.py - DEBUG - indexes: {'title': {'My first post': set()}, 'body': {'This is my first post UPDATED!.': set()}}
2023-10-14 15:11:07,973 - main.py - DEBUG - unique_indexes: {}
2023-10-14 15:11:18,536 - main.py - DEBUG - all users_records: [{'first_name': 'John', 'last_name': 'Doe', 'email': 'johndoe@email.com', 'created_at': datetime.datetime(2023, 10, 14, 19, 11, 18, 535926, tzinfo=<UTC>), 'updated_at': datetime.datetime(2023, 10, 14, 19, 11, 18, 536107, tzinfo=<UTC>), 'deleted_at': None}, {'first_name': 'Jane', 'last_name': 'Doe', 'email': 'janedoe@email.com', 'created_at': datetime.datetime(2023, 10, 14, 19, 11, 18, 536118, tzinfo=<UTC>), 'updated_at': datetime.datetime(2023, 10, 14, 19, 11, 18, 536120, tzinfo=<UTC>), 'deleted_at': None}]
2023-10-14 15:11:18,540 - main.py - DEBUG - sorted_user_records: [{'first_name': 'John', 'last_name': 'Doe', 'email': 'johndoe@email.com', 'created_at': datetime.datetime(2023, 10, 14, 19, 11, 18, 535926, tzinfo=<UTC>), 'updated_at': datetime.datetime(2023, 10, 14, 19, 11, 18, 536107, tzinfo=<UTC>), 'deleted_at': None}, {'first_name': 'Jane', 'last_name': 'Doe', 'email': 'janedoe@email.com', 'created_at': datetime.datetime(2023, 10, 14, 19, 11, 18, 536118, tzinfo=<UTC>), 'updated_at': datetime.datetime(2023, 10, 14, 19, 11, 18, 536120, tzinfo=<UTC>), 'deleted_at': None}]
2023-10-14 15:11:18,540 - main.py - DEBUG - {'user_id': <class 'int'>, 'title': <class 'str'>, 'body': <class 'str'>, 'created_at': <class 'datetime.datetime'>, 'updated_at': <class 'datetime.datetime'>, 'deleted_at': typing.Optional[datetime.datetime]}
2023-10-14 15:11:18,540 - main.py - DEBUG - {'user_id': 'users'}
2023-10-14 15:11:18,540 - main.py - DEBUG - {'user_id': 1, 'title': 'My first post', 'body': 'This is my first post UPDATED!.', 'created_at': datetime.datetime(2023, 10, 14, 19, 11, 18, 540895, tzinfo=<UTC>), 'updated_at': datetime.datetime(2023, 10, 14, 19, 11, 18, 540896, tzinfo=<UTC>), 'deleted_at': None}
2023-10-14 15:11:18,540 - main.py - DEBUG - fk: {'user_id': 'users'}
2023-10-14 15:11:18,540 - main.py - DEBUG - indexes: {'title': {'My first post': {1}}, 'body': {'This is my first post UPDATED!.': {1}}}
2023-10-14 15:11:18,540 - main.py - DEBUG - unique_indexes: {}
2023-10-14 15:11:18,540 - main.py - DEBUG - fk: {'user_id': 'users'}
2023-10-14 15:11:18,540 - main.py - DEBUG - indexes: {'title': {'My first post': set()}, 'body': {'This is my first post UPDATED!.': set()}}
2023-10-14 15:11:18,541 - main.py - DEBUG - unique_indexes: {}
2023-10-14 15:17:20,435 - main.py - DEBUG - all users_records: [{'first_name': 'John', 'last_name': 'Doe', 'email': 'johndoe@email.com', 'created_at': datetime.datetime(2023, 10, 14, 19, 17, 20, 435270, tzinfo=<UTC>), 'updated_at': datetime.datetime(2023, 10, 14, 19, 17, 20, 435457, tzinfo=<UTC>), 'deleted_at': None}, {'first_name': 'Jane', 'last_name': 'Doe', 'email': 'janedoe@email.com', 'created_at': datetime.datetime(2023, 10, 14, 19, 17, 20, 435465, tzinfo=<UTC>), 'updated_at': datetime.datetime(2023, 10, 14, 19, 17, 20, 435466, tzinfo=<UTC>), 'deleted_at': None}]
2023-10-14 15:17:20,440 - main.py - DEBUG - sorted_user_records: [{'first_name': 'John', 'last_name': 'Doe', 'email': 'johndoe@email.com', 'created_at': datetime.datetime(2023, 10, 14, 19, 17, 20, 435270, tzinfo=<UTC>), 'updated_at': datetime.datetime(2023, 10, 14, 19, 17, 20, 435457, tzinfo=<UTC>), 'deleted_at': None}, {'first_name': 'Jane', 'last_name': 'Doe', 'email': 'janedoe@email.com', 'created_at': datetime.datetime(2023, 10, 14, 19, 17, 20, 435465, tzinfo=<UTC>), 'updated_at': datetime.datetime(2023, 10, 14, 19, 17, 20, 435466, tzinfo=<UTC>), 'deleted_at': None}]
2023-10-14 15:17:20,440 - main.py - DEBUG - {'user_id': <class 'int'>, 'title': <class 'str'>, 'body': <class 'str'>, 'created_at': <class 'datetime.datetime'>, 'updated_at': <class 'datetime.datetime'>, 'deleted_at': typing.Optional[datetime.datetime]}
2023-10-14 15:17:20,440 - main.py - DEBUG - {'user_id': 'users'}
2023-10-14 15:17:20,441 - main.py - DEBUG - {'user_id': 1, 'title': 'My first post', 'body': 'This is my first post UPDATED!.', 'created_at': datetime.datetime(2023, 10, 14, 19, 17, 20, 440992, tzinfo=<UTC>), 'updated_at': datetime.datetime(2023, 10, 14, 19, 17, 20, 440993, tzinfo=<UTC>), 'deleted_at': None}
2023-10-14 15:17:20,441 - main.py - DEBUG - fk: {'user_id': 'users'}
2023-10-14 15:17:20,441 - main.py - DEBUG - indexes: {'title': {'My first post': {1}}, 'body': {'This is my first post UPDATED!.': {1}}}
2023-10-14 15:17:20,441 - main.py - DEBUG - unique_indexes: {}
2023-10-14 15:17:20,441 - main.py - DEBUG - fk: {'user_id': 'users'}
2023-10-14 15:17:20,441 - main.py - DEBUG - indexes: {'title': {'My first post': set()}, 'body': {'This is my first post UPDATED!.': set()}}
2023-10-14 15:17:20,441 - main.py - DEBUG - unique_indexes: {}
2023-10-14 21:35:50,672 - main.py - DEBUG - all users_records: [{'first_name': 'John', 'last_name': 'Doe', 'email': 'johndoe@email.com', 'created_at': datetime.datetime(2023, 10, 15, 1, 35, 50, 672124, tzinfo=<UTC>), 'updated_at': datetime.datetime(2023, 10, 15, 1, 35, 50, 672314, tzinfo=<UTC>), 'deleted_at': None}, {'first_name': 'Jane', 'last_name': 'Doe', 'email': 'janedoe@email.com', 'created_at': datetime.datetime(2023, 10, 15, 1, 35, 50, 672326, tzinfo=<UTC>), 'updated_at': datetime.datetime(2023, 10, 15, 1, 35, 50, 672327, tzinfo=<UTC>), 'deleted_at': None}]
2023-10-14 21:35:50,672 - main.py - DEBUG - sorted_user_records: [{'first_name': 'John', 'last_name': 'Doe', 'email': 'johndoe@email.com', 'created_at': datetime.datetime(2023, 10, 15, 1, 35, 50, 672124, tzinfo=<UTC>), 'updated_at': datetime.datetime(2023, 10, 15, 1, 35, 50, 672314, tzinfo=<UTC>), 'deleted_at': None}, {'first_name': 'Jane', 'last_name': 'Doe', 'email': 'janedoe@email.com', 'created_at': datetime.datetime(2023, 10, 15, 1, 35, 50, 672326, tzinfo=<UTC>), 'updated_at': datetime.datetime(2023, 10, 15, 1, 35, 50, 672327, tzinfo=<UTC>), 'deleted_at': None}]
2023-10-14 21:35:50,672 - main.py - DEBUG - {'user_id': <class 'int'>, 'title': <class 'str'>, 'body': <class 'str'>, 'created_at': <class 'datetime.datetime'>, 'updated_at': <class 'datetime.datetime'>, 'deleted_at': typing.Optional[datetime.datetime]}
2023-10-14 21:35:50,672 - main.py - DEBUG - {'user_id': 'users'}
2023-10-14 21:35:50,672 - main.py - DEBUG - {'user_id': 1, 'title': 'My first post', 'body': 'This is my first post UPDATED!.', 'created_at': datetime.datetime(2023, 10, 15, 1, 35, 50, 672743, tzinfo=<UTC>), 'updated_at': datetime.datetime(2023, 10, 15, 1, 35, 50, 672745, tzinfo=<UTC>), 'deleted_at': None}
2023-10-14 21:35:50,672 - main.py - DEBUG - fk: {'user_id': 'users'}
2023-10-14 21:35:50,672 - main.py - DEBUG - indexes: {'title': {'My first post': {1}}, 'body': {'This is my first post UPDATED!.': {1}}}
2023-10-14 21:35:50,672 - main.py - DEBUG - unique_indexes: {}
2023-10-14 21:35:50,672 - main.py - DEBUG - fk: {'user_id': 'users'}
2023-10-14 21:35:50,672 - main.py - DEBUG - indexes: {'title': {'My first post': set()}, 'body': {'This is my first post UPDATED!.': set()}}
2023-10-14 21:35:50,672 - main.py - DEBUG - unique_indexes: {}
2023-10-14 21:38:29,931 - main.py - DEBUG - users.indexes: {'first_name': {'John': {1}}}
2023-10-14 21:38:29,931 - main.py - DEBUG - all users_records: [{'first_name': 'John', 'last_name': 'Doe', 'email': 'johndoe@email.com', 'created_at': datetime.datetime(2023, 10, 15, 1, 38, 29, 931199, tzinfo=<UTC>), 'updated_at': datetime.datetime(2023, 10, 15, 1, 38, 29, 931403, tzinfo=<UTC>), 'deleted_at': None}, {'first_name': 'Jane', 'last_name': 'Doe', 'email': 'janedoe@email.com', 'created_at': datetime.datetime(2023, 10, 15, 1, 38, 29, 931490, tzinfo=<UTC>), 'updated_at': datetime.datetime(2023, 10, 15, 1, 38, 29, 931492, tzinfo=<UTC>), 'deleted_at': None}]
2023-10-14 21:38:29,931 - main.py - DEBUG - sorted_user_records: [{'first_name': 'John', 'last_name': 'Doe', 'email': 'johndoe@email.com', 'created_at': datetime.datetime(2023, 10, 15, 1, 38, 29, 931199, tzinfo=<UTC>), 'updated_at': datetime.datetime(2023, 10, 15, 1, 38, 29, 931403, tzinfo=<UTC>), 'deleted_at': None}, {'first_name': 'Jane', 'last_name': 'Doe', 'email': 'janedoe@email.com', 'created_at': datetime.datetime(2023, 10, 15, 1, 38, 29, 931490, tzinfo=<UTC>), 'updated_at': datetime.datetime(2023, 10, 15, 1, 38, 29, 931492, tzinfo=<UTC>), 'deleted_at': None}]
2023-10-14 21:38:29,931 - main.py - DEBUG - {'user_id': <class 'int'>, 'title': <class 'str'>, 'body': <class 'str'>, 'created_at': <class 'datetime.datetime'>, 'updated_at': <class 'datetime.datetime'>, 'deleted_at': typing.Optional[datetime.datetime]}
2023-10-14 21:38:29,931 - main.py - DEBUG - {'user_id': 'users'}
2023-10-14 21:38:29,931 - main.py - DEBUG - {'user_id': 1, 'title': 'My first post', 'body': 'This is my first post UPDATED!.', 'created_at': datetime.datetime(2023, 10, 15, 1, 38, 29, 931635, tzinfo=<UTC>), 'updated_at': datetime.datetime(2023, 10, 15, 1, 38, 29, 931637, tzinfo=<UTC>), 'deleted_at': None}
2023-10-14 21:38:29,931 - main.py - DEBUG - fk: {'user_id': 'users'}
2023-10-14 21:38:29,931 - main.py - DEBUG - indexes: {'title': {'My first post': {1}}, 'body': {'This is my first post UPDATED!.': {1}}}
2023-10-14 21:38:29,931 - main.py - DEBUG - unique_indexes: {}
2023-10-14 21:38:29,931 - main.py - DEBUG - fk: {'user_id': 'users'}
2023-10-14 21:38:29,931 - main.py - DEBUG - indexes: {'title': {'My first post': set()}, 'body': {'This is my first post UPDATED!.': set()}}
2023-10-14 21:38:29,931 - main.py - DEBUG - unique_indexes: {}
2023-10-14 21:39:29,607 - main.py - DEBUG - users.indexes: {'first_name': {'John': {1}}}
2023-10-14 21:39:29,607 - main.py - DEBUG - users.unique_indexes: {'email': {'johndoe@email.com': 1}}
2023-10-14 21:39:29,607 - main.py - DEBUG - all users_records: [{'first_name': 'John', 'last_name': 'Doe', 'email': 'johndoe@email.com', 'created_at': datetime.datetime(2023, 10, 15, 1, 39, 29, 607597, tzinfo=<UTC>), 'updated_at': datetime.datetime(2023, 10, 15, 1, 39, 29, 607791, tzinfo=<UTC>), 'deleted_at': None}, {'first_name': 'Jane', 'last_name': 'Doe', 'email': 'janedoe@email.com', 'created_at': datetime.datetime(2023, 10, 15, 1, 39, 29, 607925, tzinfo=<UTC>), 'updated_at': datetime.datetime(2023, 10, 15, 1, 39, 29, 607928, tzinfo=<UTC>), 'deleted_at': None}]
2023-10-14 21:39:29,607 - main.py - DEBUG - sorted_user_records: [{'first_name': 'John', 'last_name': 'Doe', 'email': 'johndoe@email.com', 'created_at': datetime.datetime(2023, 10, 15, 1, 39, 29, 607597, tzinfo=<UTC>), 'updated_at': datetime.datetime(2023, 10, 15, 1, 39, 29, 607791, tzinfo=<UTC>), 'deleted_at': None}, {'first_name': 'Jane', 'last_name': 'Doe', 'email': 'janedoe@email.com', 'created_at': datetime.datetime(2023, 10, 15, 1, 39, 29, 607925, tzinfo=<UTC>), 'updated_at': datetime.datetime(2023, 10, 15, 1, 39, 29, 607928, tzinfo=<UTC>), 'deleted_at': None}]
2023-10-14 21:39:29,608 - main.py - DEBUG - {'user_id': <class 'int'>, 'title': <class 'str'>, 'body': <class 'str'>, 'created_at': <class 'datetime.datetime'>, 'updated_at': <class 'datetime.datetime'>, 'deleted_at': typing.Optional[datetime.datetime]}
2023-10-14 21:39:29,608 - main.py - DEBUG - {'user_id': 'users'}
2023-10-14 21:39:29,608 - main.py - DEBUG - {'user_id': 1, 'title': 'My first post', 'body': 'This is my first post UPDATED!.', 'created_at': datetime.datetime(2023, 10, 15, 1, 39, 29, 608059, tzinfo=<UTC>), 'updated_at': datetime.datetime(2023, 10, 15, 1, 39, 29, 608060, tzinfo=<UTC>), 'deleted_at': None}
2023-10-14 21:39:29,608 - main.py - DEBUG - fk: {'user_id': 'users'}
2023-10-14 21:39:29,608 - main.py - DEBUG - indexes: {'title': {'My first post': {1}}, 'body': {'This is my first post UPDATED!.': {1}}}
2023-10-14 21:39:29,608 - main.py - DEBUG - unique_indexes: {}
2023-10-14 21:39:29,608 - main.py - DEBUG - fk: {'user_id': 'users'}
2023-10-14 21:39:29,608 - main.py - DEBUG - indexes: {'title': {'My first post': set()}, 'body': {'This is my first post UPDATED!.': set()}}
2023-10-14 21:39:29,608 - main.py - DEBUG - unique_indexes: {}
